<?xml version="1.0" encoding="UTF-8"?>
<!-- Generated by org.testng.reporters.JUnitReportReporter -->
<testsuite hostname="DESKTOP-61ES4FM" failures="0" tests="1" name="Tests.LoginTEST" time="6.364" errors="0" timestamp="2022-11-29T07:03:27 EET" skipped="0">
  <testcase classname="Tests.LoginTEST" name="validlogin" time="6.364"/>
  <system-out/>
</testsuite> <!-- Tests.LoginTEST -->
