<?xml version="1.0" encoding="UTF-8"?>
<!-- Generated by org.testng.reporters.JUnitReportReporter -->
<testsuite hostname="DESKTOP-61ES4FM" failures="0" tests="1" name="Tests.MakeOrderTest" time="27.018" errors="0" timestamp="2022-11-29T07:03:27 EET" skipped="0">
  <testcase classname="Tests.MakeOrderTest" name="order" time="27.018"/>
  <system-out/>
</testsuite> <!-- Tests.MakeOrderTest -->
