<?xml version="1.0" encoding="UTF-8"?>
<!-- Generated by org.testng.reporters.JUnitReportReporter -->
<testsuite hostname="Hala" failures="0" tests="1" name="Tests.MakeOrderTest" time="28.433" errors="0" timestamp="2022-11-29T20:40:58 EET" skipped="0">
  <testcase classname="Tests.MakeOrderTest" name="order" time="28.433"/>
  <system-out/>
</testsuite> <!-- Tests.MakeOrderTest -->
