<?xml version="1.0" encoding="UTF-8"?>
<!-- Generated by org.testng.reporters.JUnitReportReporter -->
<testsuite hostname="Hala" failures="0" tests="1" name="Tests.LoginTEST" time="7.530" errors="0" timestamp="2022-11-29T20:42:43 EET" skipped="0">
  <testcase classname="Tests.LoginTEST" name="validlogin" time="7.530"/>
  <system-out/>
</testsuite> <!-- Tests.LoginTEST -->
